#
# There is insufficient memory for the Java Runtime Environment to continue.
# Native memory allocation (malloc) failed to allocate 2075488 bytes for Chunk::new
# Possible reasons:
#   The system is out of physical RAM or swap space
#   The process is running with CompressedOops enabled, and the Java Heap may be blocking the growth of the native heap
# Possible solutions:
#   Reduce memory load on the system
#   Increase physical memory or swap space
#   Check if swap backing store is full
#   Decrease Java heap size (-Xmx/-Xms)
#   Decrease number of Java threads
#   Decrease Java thread stack sizes (-Xss)
#   Set larger code cache with -XX:ReservedCodeCacheSize=
#   JVM is running with Unscaled Compressed Oops mode in which the Java heap is
#     placed in the first 4GB address space. The Java Heap base address is the
#     maximum limit for the native heap growth. Please use -XX:HeapBaseMinAddress
#     to set the Java Heap base and to place the Java Heap above 4GB virtual address.
# This output file may be truncated or incomplete.
#
#  Out of Memory Error (allocation.cpp:389), pid=1744, tid=0x00000000000033e0
#
# JRE version: Java(TM) SE Runtime Environment (8.0_251-b08) (build 1.8.0_251-b08)
# Java VM: Java HotSpot(TM) 64-Bit Server VM (25.251-b08 mixed mode windows-amd64 compressed oops)
# Failed to write core dump. Minidumps are not enabled by default on client versions of Windows
#

---------------  T H R E A D  ---------------

Current thread (0x0000000014994800):  JavaThread "C2 CompilerThread1" daemon [_thread_in_native, id=13280, stack(0x0000000016120000,0x0000000016220000)]

Stack: [0x0000000016120000,0x0000000016220000]
[error occurred during error reporting (printing stack bounds), id 0xc0000005]

Native frames: (J=compiled Java code, j=interpreted, Vv=VM code, C=native code)


Current CompileTask:
C2:   8981 1674       4       java.net.URLClassLoader$1::run (5 bytes)


---------------  P R O C E S S  ---------------

Java Threads: ( => current thread )
  0x0000000016329800 JavaThread "Service Thread" daemon [_thread_blocked, id=2540, stack(0x0000000016720000,0x0000000016820000)]
  0x00000000149ed000 JavaThread "C1 CompilerThread2" daemon [_thread_blocked, id=10460, stack(0x0000000016220000,0x0000000016320000)]
=>0x0000000014994800 JavaThread "C2 CompilerThread1" daemon [_thread_in_native, id=13280, stack(0x0000000016120000,0x0000000016220000)]
  0x0000000014992800 JavaThread "C2 CompilerThread0" daemon [_thread_in_native, id=9300, stack(0x0000000016020000,0x0000000016120000)]
  0x000000001498f800 JavaThread "Attach Listener" daemon [_thread_blocked, id=9000, stack(0x0000000015f20000,0x0000000016020000)]
  0x000000001498d000 JavaThread "Signal Dispatcher" daemon [_thread_blocked, id=3772, stack(0x0000000015e20000,0x0000000015f20000)]
  0x000000000246c800 JavaThread "Finalizer" daemon [_thread_blocked, id=12752, stack(0x0000000015c10000,0x0000000015d10000)]
  0x000000001497a800 JavaThread "Reference Handler" daemon [_thread_blocked, id=12028, stack(0x0000000015b10000,0x0000000015c10000)]
  0x0000000002372800 JavaThread "main" [_thread_in_native, id=4748, stack(0x00000000021d0000,0x00000000022d0000)]

Other Threads:
  0x0000000014958000 VMThread [stack: 0x0000000015a10000,0x0000000015b10000] [id=1776]
  0x000000001632a800 WatcherThread [stack: 0x0000000016820000,0x0000000016920000] [id=2444]

VM state:not at safepoint (normal execution)

VM Mutex/Monitor currently owned by a thread: None

heap address: 0x00000000c2e00000, size: 978 MB, Compressed Oops mode: 32-bit
Narrow klass base: 0x0000000000000000, Narrow klass shift: 3
Compressed class space size: 1073741824 Address: 0x0000000100000000

Heap:
 PSYoungGen      total 34304K, used 29140K [0x00000000eba00000, 0x00000000ede00000, 0x0000000100000000)
  eden space 31744K, 83% used [0x00000000eba00000,0x00000000ed3fd2a0,0x00000000ed900000)
  from space 2560K, 98% used [0x00000000edb80000,0x00000000eddf8020,0x00000000ede00000)
  to   space 2560K, 0% used [0x00000000ed900000,0x00000000ed900000,0x00000000edb80000)
 ParOldGen       total 42496K, used 5558K [0x00000000c2e00000, 0x00000000c5780000, 0x00000000eba00000)
  object space 42496K, 13% used [0x00000000c2e00000,0x00000000c336dac8,0x00000000c5780000)
 Metaspace       used 15354K, capacity 15636K, committed 15872K, reserved 1062912K
  class space    used 1872K, capacity 1980K, committed 2048K, reserved 1048576K

Card table byte_map: [0x0000000011830000,0x0000000011a20000] byte_map_base: 0x0000000011219000

Marking Bits: (ParMarkBitMap*) 0x000000006dccaf90
 Begin Bits: [0x0000000011f70000, 0x0000000012eb8000)
 End Bits:   [0x0000000012eb8000, 0x0000000013e00000)

Polling page: 0x00000000006e0000

CodeCache: size=245760Kb used=5875Kb max_used=5875Kb free=239884Kb
 bounds [0x0000000002470000, 0x0000000002a40000, 0x0000000011470000]
 total_blobs=2103 nmethods=1731 adapters=284
 compilation: enabled

Compilation events (10 events):
Event: 8.706 Thread 0x00000000149ed000 1731       3       java.lang.CharacterDataLatin1::isJavaIdentifierPart (20 bytes)
Event: 8.706 Thread 0x00000000149ed000 nmethod 1731 0x0000000002a2edd0 code [0x0000000002a2ef40, 0x0000000002a2f190]
Event: 8.707 Thread 0x00000000149ed000 1732       3       java.util.Stack::push (7 bytes)
Event: 8.708 Thread 0x00000000149ed000 nmethod 1732 0x0000000002a2f2d0 code [0x0000000002a2f440, 0x0000000002a2f668]
Event: 8.711 Thread 0x00000000149ed000 1733       3       java.util.regex.Matcher::match (109 bytes)
Event: 8.711 Thread 0x00000000149ed000 nmethod 1733 0x0000000002a2f710 code [0x0000000002a2f8a0, 0x0000000002a2fca8]
Event: 8.925 Thread 0x00000000149ed000 1735       1       java.util.Formatter$Flags::valueOf (5 bytes)
Event: 8.926 Thread 0x00000000149ed000 nmethod 1735 0x0000000002a2fe10 code [0x0000000002a2ff60, 0x0000000002a30070]
Event: 8.926 Thread 0x00000000149ed000 1736       3       java.util.ArrayList::toArray (60 bytes)
Event: 8.927 Thread 0x00000000149ed000 nmethod 1736 0x0000000002a300d0 code [0x0000000002a30260, 0x0000000002a30818]

GC Heap History (8 events):
Event: 3.098 GC heap before
{Heap before GC invocations=1 (full 0):
 PSYoungGen      total 18432K, used 15872K [0x00000000eba00000, 0x00000000ece80000, 0x0000000100000000)
  eden space 15872K, 100% used [0x00000000eba00000,0x00000000ec980000,0x00000000ec980000)
  from space 2560K, 0% used [0x00000000ecc00000,0x00000000ecc00000,0x00000000ece80000)
  to   space 2560K, 0% used [0x00000000ec980000,0x00000000ec980000,0x00000000ecc00000)
 ParOldGen       total 42496K, used 0K [0x00000000c2e00000, 0x00000000c5780000, 0x00000000eba00000)
  object space 42496K, 0% used [0x00000000c2e00000,0x00000000c2e00000,0x00000000c5780000)
 Metaspace       used 7367K, capacity 7616K, committed 7936K, reserved 1056768K
  class space    used 814K, capacity 900K, committed 1024K, reserved 1048576K
Event: 3.122 GC heap after
Heap after GC invocations=1 (full 0):
 PSYoungGen      total 18432K, used 2545K [0x00000000eba00000, 0x00000000ece80000, 0x0000000100000000)
  eden space 15872K, 0% used [0x00000000eba00000,0x00000000eba00000,0x00000000ec980000)
  from space 2560K, 99% used [0x00000000ec980000,0x00000000ecbfc670,0x00000000ecc00000)
  to   space 2560K, 0% used [0x00000000ecc00000,0x00000000ecc00000,0x00000000ece80000)
 ParOldGen       total 42496K, used 923K [0x00000000c2e00000, 0x00000000c5780000, 0x00000000eba00000)
  object space 42496K, 2% used [0x00000000c2e00000,0x00000000c2ee6d90,0x00000000c5780000)
 Metaspace       used 7367K, capacity 7616K, committed 7936K, reserved 1056768K
  class space    used 814K, capacity 900K, committed 1024K, reserved 1048576K
}
Event: 4.061 GC heap before
{Heap before GC invocations=2 (full 0):
 PSYoungGen      total 18432K, used 18417K [0x00000000eba00000, 0x00000000ece80000, 0x0000000100000000)
  eden space 15872K, 100% used [0x00000000eba00000,0x00000000ec980000,0x00000000ec980000)
  from space 2560K, 99% used [0x00000000ec980000,0x00000000ecbfc670,0x00000000ecc00000)
  to   space 2560K, 0% used [0x00000000ecc00000,0x00000000ecc00000,0x00000000ece80000)
 ParOldGen       total 42496K, used 923K [0x00000000c2e00000, 0x00000000c5780000, 0x00000000eba00000)
  object space 42496K, 2% used [0x00000000c2e00000,0x00000000c2ee6d90,0x00000000c5780000)
 Metaspace       used 8902K, capacity 9152K, committed 9472K, reserved 1056768K
  class space    used 1064K, capacity 1156K, committed 1280K, reserved 1048576K
Event: 4.068 GC heap after
Heap after GC invocations=2 (full 0):
 PSYoungGen      total 18432K, used 2546K [0x00000000eba00000, 0x00000000ece80000, 0x0000000100000000)
  eden space 15872K, 0% used [0x00000000eba00000,0x00000000eba00000,0x00000000ec980000)
  from space 2560K, 99% used [0x00000000ecc00000,0x00000000ece7cbf0,0x00000000ece80000)
  to   space 2560K, 0% used [0x00000000ec980000,0x00000000ec980000,0x00000000ecc00000)
 ParOldGen       total 42496K, used 1685K [0x00000000c2e00000, 0x00000000c5780000, 0x00000000eba00000)
  object space 42496K, 3% used [0x00000000c2e00000,0x00000000c2fa5708,0x00000000c5780000)
 Metaspace       used 8902K, capacity 9152K, committed 9472K, reserved 1056768K
  class space    used 1064K, capacity 1156K, committed 1280K, reserved 1048576K
}
Event: 4.954 GC heap before
{Heap before GC invocations=3 (full 0):
 PSYoungGen      total 18432K, used 18418K [0x00000000eba00000, 0x00000000ece80000, 0x0000000100000000)
  eden space 15872K, 100% used [0x00000000eba00000,0x00000000ec980000,0x00000000ec980000)
  from space 2560K, 99% used [0x00000000ecc00000,0x00000000ece7cbf0,0x00000000ece80000)
  to   space 2560K, 0% used [0x00000000ec980000,0x00000000ec980000,0x00000000ecc00000)
 ParOldGen       total 42496K, used 1685K [0x00000000c2e00000, 0x00000000c5780000, 0x00000000eba00000)
  object space 42496K, 3% used [0x00000000c2e00000,0x00000000c2fa5708,0x00000000c5780000)
 Metaspace       used 10230K, capacity 10450K, committed 10624K, reserved 1058816K
  class space    used 1220K, capacity 1287K, committed 1408K, reserved 1048576K
Event: 4.976 GC heap after
Heap after GC invocations=3 (full 0):
 PSYoungGen      total 18432K, used 2544K [0x00000000eba00000, 0x00000000ede00000, 0x0000000100000000)
  eden space 15872K, 0% used [0x00000000eba00000,0x00000000eba00000,0x00000000ec980000)
  from space 2560K, 99% used [0x00000000ec980000,0x00000000ecbfc010,0x00000000ecc00000)
  to   space 2560K, 0% used [0x00000000edb80000,0x00000000edb80000,0x00000000ede00000)
 ParOldGen       total 42496K, used 3386K [0x00000000c2e00000, 0x00000000c5780000, 0x00000000eba00000)
  object space 42496K, 7% used [0x00000000c2e00000,0x00000000c314ea30,0x00000000c5780000)
 Metaspace       used 10230K, capacity 10450K, committed 10624K, reserved 1058816K
  class space    used 1220K, capacity 1287K, committed 1408K, reserved 1048576K
}
Event: 5.850 GC heap before
{Heap before GC invocations=4 (full 0):
 PSYoungGen      total 18432K, used 18416K [0x00000000eba00000, 0x00000000ede00000, 0x0000000100000000)
  eden space 15872K, 100% used [0x00000000eba00000,0x00000000ec980000,0x00000000ec980000)
  from space 2560K, 99% used [0x00000000ec980000,0x00000000ecbfc010,0x00000000ecc00000)
  to   space 2560K, 0% used [0x00000000edb80000,0x00000000edb80000,0x00000000ede00000)
 ParOldGen       total 42496K, used 3386K [0x00000000c2e00000, 0x00000000c5780000, 0x00000000eba00000)
  object space 42496K, 7% used [0x00000000c2e00000,0x00000000c314ea30,0x00000000c5780000)
 Metaspace       used 12082K, capacity 12364K, committed 12672K, reserved 1060864K
  class space    used 1463K, capacity 1584K, committed 1664K, reserved 1048576K
Event: 5.885 GC heap after
Heap after GC invocations=4 (full 0):
 PSYoungGen      total 34304K, used 2528K [0x00000000eba00000, 0x00000000ede00000, 0x0000000100000000)
  eden space 31744K, 0% used [0x00000000eba00000,0x00000000eba00000,0x00000000ed900000)
  from space 2560K, 98% used [0x00000000edb80000,0x00000000eddf8020,0x00000000ede00000)
  to   space 2560K, 0% used [0x00000000ed900000,0x00000000ed900000,0x00000000edb80000)
 ParOldGen       total 42496K, used 5558K [0x00000000c2e00000, 0x00000000c5780000, 0x00000000eba00000)
  object space 42496K, 13% used [0x00000000c2e00000,0x00000000c336dac8,0x00000000c5780000)
 Metaspace       used 12082K, capacity 12364K, committed 12672K, reserved 1060864K
  class space    used 1463K, capacity 1584K, committed 1664K, reserved 1048576K
}

Deoptimization events (10 events):
Event: 4.054 Thread 0x0000000002372800 Uncommon trap: reason=unstable_if action=reinterpret pc=0x000000000277115c method=org.codehaus.plexus.util.xml.pull.MXParser.nextImpl()I @ 241
Event: 4.373 Thread 0x0000000002372800 Uncommon trap: reason=range_check action=make_not_entrant pc=0x00000000027bfca0 method=sun.reflect.generics.parser.SignatureParser.current()C @ 34
Event: 7.049 Thread 0x0000000002372800 Uncommon trap: reason=unstable_if action=reinterpret pc=0x0000000002995990 method=org.eclipse.sisu.inject.InjectorBindings.isAssignableFrom(Lcom/google/inject/TypeLiteral;Lcom/google/inject/Binding;)Z @ 14
Event: 7.616 Thread 0x0000000002372800 Uncommon trap: reason=unstable_if action=reinterpret pc=0x00000000026cf5bc method=java.lang.AbstractStringBuilder.append(Ljava/lang/String;)Ljava/lang/AbstractStringBuilder; @ 1
Event: 7.617 Thread 0x0000000002372800 Uncommon trap: reason=unstable_if action=reinterpret pc=0x000000000268ccb8 method=java.lang.AbstractStringBuilder.append(Ljava/lang/String;)Ljava/lang/AbstractStringBuilder; @ 1
Event: 7.646 Thread 0x0000000002372800 Uncommon trap: reason=bimorphic action=maybe_recompile pc=0x00000000029d5778 method=java.util.regex.Pattern$CharProperty.match(Ljava/util/regex/Matcher;ILjava/lang/CharSequence;)Z @ 37
Event: 7.646 Thread 0x0000000002372800 Uncommon trap: reason=bimorphic action=maybe_recompile pc=0x00000000029d5778 method=java.util.regex.Pattern$CharProperty.match(Ljava/util/regex/Matcher;ILjava/lang/CharSequence;)Z @ 37
Event: 7.859 Thread 0x0000000002372800 Uncommon trap: reason=unstable_if action=reinterpret pc=0x0000000002648994 method=java.lang.String.replace(CC)Ljava/lang/String; @ 2
Event: 7.860 Thread 0x0000000002372800 Uncommon trap: reason=bimorphic action=maybe_recompile pc=0x00000000029d5778 method=java.util.regex.Pattern$CharProperty.match(Ljava/util/regex/Matcher;ILjava/lang/CharSequence;)Z @ 37
Event: 7.860 Thread 0x0000000002372800 Uncommon trap: reason=bimorphic action=maybe_recompile pc=0x00000000029d5778 method=java.util.regex.Pattern$CharProperty.match(Ljava/util/regex/Matcher;ILjava/lang/CharSequence;)Z @ 37

Classes redefined (0 events):
No events

Internal exceptions (10 events):
Event: 6.666 Thread 0x0000000002372800 Exception <a 'java/lang/NoClassDefFoundError'> (0x00000000ec6cb450) thrown at [C:\jenkins\workspace\8-2-build-windows-amd64-cygwin\jdk8u251\737\hotspot\src\share\vm\prims\jvm.cpp, line 1506]
Event: 6.667 Thread 0x0000000002372800 Exception <a 'java/lang/NoClassDefFoundError': javax/annotation/Priority> (0x00000000ec6d0928) thrown at [C:\jenkins\workspace\8-2-build-windows-amd64-cygwin\jdk8u251\737\hotspot\src\share\vm\classfile\systemDictionary.cpp, line 199]
Event: 7.483 Thread 0x0000000002372800 Exception <a 'java/lang/NullPointerException'> (0x00000000ecc78a38) thrown at [C:\jenkins\workspace\8-2-build-windows-amd64-cygwin\jdk8u251\737\hotspot\src\share\vm\interpreter\linkResolver.cpp, line 1185]
Event: 7.483 Thread 0x0000000002372800 Exception <a 'java/lang/NullPointerException'> (0x00000000ecc78c50) thrown at [C:\jenkins\workspace\8-2-build-windows-amd64-cygwin\jdk8u251\737\hotspot\src\share\vm\interpreter\linkResolver.cpp, line 1185]
Event: 7.483 Thread 0x0000000002372800 Exception <a 'java/lang/NullPointerException'> (0x00000000ecc78e68) thrown at [C:\jenkins\workspace\8-2-build-windows-amd64-cygwin\jdk8u251\737\hotspot\src\share\vm\interpreter\linkResolver.cpp, line 1185]
Event: 7.484 Thread 0x0000000002372800 Exception <a 'java/lang/NullPointerException'> (0x00000000ecc80d58) thrown at [C:\jenkins\workspace\8-2-build-windows-amd64-cygwin\jdk8u251\737\hotspot\src\share\vm\interpreter\linkResolver.cpp, line 1185]
Event: 7.485 Thread 0x0000000002372800 Exception <a 'java/lang/NullPointerException'> (0x00000000ecc80f70) thrown at [C:\jenkins\workspace\8-2-build-windows-amd64-cygwin\jdk8u251\737\hotspot\src\share\vm\interpreter\linkResolver.cpp, line 1185]
Event: 7.485 Thread 0x0000000002372800 Exception <a 'java/lang/NullPointerException'> (0x00000000ecc81188) thrown at [C:\jenkins\workspace\8-2-build-windows-amd64-cygwin\jdk8u251\737\hotspot\src\share\vm\interpreter\linkResolver.cpp, line 1185]
Event: 7.616 Thread 0x0000000002372800 Implicit null exception at 0x00000000026cf216 to 0x00000000026cf5a5
Event: 7.616 Thread 0x0000000002372800 Implicit null exception at 0x000000000268c916 to 0x000000000268cca1

Events (10 events):
Event: 8.537 loading class org/apache/maven/model/building/ModelBuildingEventCatapult$1
Event: 8.537 loading class org/apache/maven/model/building/ModelBuildingEventCatapult$1 done
Event: 8.538 loading class org/apache/maven/model/building/DefaultModelBuildingEvent
Event: 8.538 loading class org/apache/maven/model/building/DefaultModelBuildingEvent done
Event: 8.543 loading class org/apache/maven/lifecycle/mapping/Lifecycle
Event: 8.543 loading class org/apache/maven/lifecycle/mapping/Lifecycle done
Event: 8.546 loading class org/apache/maven/lifecycle/mapping/LifecycleMojo
Event: 8.546 loading class org/apache/maven/lifecycle/mapping/LifecycleMojo done
Event: 8.553 loading class org/apache/maven/lifecycle/internal/DefaultLifecyclePluginAnalyzer$1
Event: 8.553 loading class org/apache/maven/lifecycle/internal/DefaultLifecyclePluginAnalyzer$1 done


Dynamic libraries:
0x00007ff64ea80000 - 0x00007ff64eab7000 	C:\Program Files\Java\jdk1.8.0_251\bin\java.exe
0x00007fffa7e50000 - 0x00007fffa8044000 	C:\WINDOWS\SYSTEM32\ntdll.dll
0x00007fffa7720000 - 0x00007fffa77dd000 	C:\WINDOWS\System32\KERNEL32.DLL
0x00007fffa5900000 - 0x00007fffa5bc7000 	C:\WINDOWS\System32\KERNELBASE.dll
0x00007fffa61c0000 - 0x00007fffa626a000 	C:\WINDOWS\System32\ADVAPI32.dll
0x00007fffa7320000 - 0x00007fffa73be000 	C:\WINDOWS\System32\msvcrt.dll
0x00007fffa60f0000 - 0x00007fffa618b000 	C:\WINDOWS\System32\sechost.dll
0x00007fffa6570000 - 0x00007fffa6693000 	C:\WINDOWS\System32\RPCRT4.dll
0x00007fffa67d0000 - 0x00007fffa6970000 	C:\WINDOWS\System32\USER32.dll
0x00007fffa55f0000 - 0x00007fffa5612000 	C:\WINDOWS\System32\win32u.dll
0x00007fffa6190000 - 0x00007fffa61ba000 	C:\WINDOWS\System32\GDI32.dll
0x00007fffa5c00000 - 0x00007fffa5d0a000 	C:\WINDOWS\System32\gdi32full.dll
0x00007fffa57e0000 - 0x00007fffa587d000 	C:\WINDOWS\System32\msvcp_win.dll
0x00007fffa5dc0000 - 0x00007fffa5ec0000 	C:\WINDOWS\System32\ucrtbase.dll
0x00007fff93a90000 - 0x00007fff93d2a000 	C:\WINDOWS\WinSxS\amd64_microsoft.windows.common-controls_6595b64144ccf1df_6.0.19041.1_none_b555e41d4684ddec\COMCTL32.dll
0x00007fffa60c0000 - 0x00007fffa60f0000 	C:\WINDOWS\System32\IMM32.DLL
0x000000006dd50000 - 0x000000006de22000 	C:\Program Files\Java\jdk1.8.0_251\jre\bin\msvcr100.dll
0x000000006d4a0000 - 0x000000006dd4b000 	C:\Program Files\Java\jdk1.8.0_251\jre\bin\server\jvm.dll
0x00007fffa6970000 - 0x00007fffa6978000 	C:\WINDOWS\System32\PSAPI.DLL
0x00007fff9f130000 - 0x00007fff9f139000 	C:\WINDOWS\SYSTEM32\WSOCK32.dll
0x00007fffa6ae0000 - 0x00007fffa6b4b000 	C:\WINDOWS\System32\WS2_32.dll
0x00007fff9eb40000 - 0x00007fff9eb67000 	C:\WINDOWS\SYSTEM32\WINMM.dll
0x00007fff96d90000 - 0x00007fff96d9a000 	C:\WINDOWS\SYSTEM32\VERSION.dll
0x00007fff9f070000 - 0x00007fff9f07f000 	C:\Program Files\Java\jdk1.8.0_251\jre\bin\verify.dll
0x00007fff97580000 - 0x00007fff975a9000 	C:\Program Files\Java\jdk1.8.0_251\jre\bin\java.dll
0x00007fff919b0000 - 0x00007fff919c6000 	C:\Program Files\Java\jdk1.8.0_251\jre\bin\zip.dll
0x00007fffa6be0000 - 0x00007fffa7315000 	C:\WINDOWS\System32\SHELL32.dll
0x00007fffa3750000 - 0x00007fffa3edf000 	C:\WINDOWS\SYSTEM32\windows.storage.dll
0x00007fffa73c0000 - 0x00007fffa7713000 	C:\WINDOWS\System32\combase.dll
0x00007fffa5020000 - 0x00007fffa504b000 	C:\WINDOWS\SYSTEM32\Wldp.dll
0x00007fffa6390000 - 0x00007fffa643e000 	C:\WINDOWS\System32\SHCORE.dll
0x00007fffa6990000 - 0x00007fffa69e5000 	C:\WINDOWS\System32\shlwapi.dll
0x00007fffa54e0000 - 0x00007fffa54ff000 	C:\WINDOWS\SYSTEM32\profapi.dll
0x00007fffa4f70000 - 0x00007fffa4f88000 	C:\WINDOWS\SYSTEM32\CRYPTSP.dll
0x00007fffa46c0000 - 0x00007fffa46f4000 	C:\WINDOWS\system32\rsaenh.dll
0x00007fffa5bd0000 - 0x00007fffa5bf7000 	C:\WINDOWS\System32\bcrypt.dll
0x00007fffa54a0000 - 0x00007fffa54ce000 	C:\WINDOWS\SYSTEM32\USERENV.dll
0x00007fffa5880000 - 0x00007fffa58ff000 	C:\WINDOWS\System32\bcryptprimitives.dll
0x00007fffa4f90000 - 0x00007fffa4f9c000 	C:\WINDOWS\SYSTEM32\CRYPTBASE.dll
0x00007fff8ec90000 - 0x00007fff8ecaa000 	C:\Program Files\Java\jdk1.8.0_251\jre\bin\net.dll
0x00007fffa4da0000 - 0x00007fffa4e0a000 	C:\WINDOWS\system32\mswsock.dll
0x00007fffa4a40000 - 0x00007fffa4a7b000 	C:\WINDOWS\SYSTEM32\IPHLPAPI.DLL
0x00007fffa7c50000 - 0x00007fffa7c59000 	C:\WINDOWS\System32\NSI.dll
0x00007fff9c5b0000 - 0x00007fff9c5c7000 	C:\WINDOWS\SYSTEM32\dhcpcsvc6.DLL
0x00007fff9ca30000 - 0x00007fff9ca4d000 	C:\WINDOWS\SYSTEM32\dhcpcsvc.DLL
0x00007fffa4a90000 - 0x00007fffa4b5a000 	C:\WINDOWS\SYSTEM32\DNSAPI.dll
0x00007fff8a830000 - 0x00007fff8a842000 	C:\Program Files\Java\jdk1.8.0_251\jre\bin\nio.dll
0x00007fff994f0000 - 0x00007fff994fa000 	C:\Users\igorc\AppData\Local\Temp\jansi-1.17.1-2997708557681426285.dll
0x00007fff96ba0000 - 0x00007fff96baa000 	C:\Users\igorc\AppData\Local\Temp\jansi-1.17.1-4675063748087969628.dll

VM Arguments:
jvm_args: -Dmaven.multiModuleProjectDirectory=c:\Users\igorc\Desktop\ProgaMEM\códigos\login\login 
java_command: org.apache.maven.wrapper.MavenWrapperMain help:effective-pom -Doutput=c:\Users\igorc\AppData\Roaming\Code\User\workspaceStorage\c7377a9a3a4020a5ce586cd69cb18cd0\vscjava.vscode-maven\d75019826b43355f22b292d677d967aa -f c:\Users\igorc\Desktop\ProgaMEM\códigos\login\login\pom.xml
java_class_path (initial): c:\Users\igorc\Desktop\ProgaMEM\códigos\login\login\.mvn\wrapper\maven-wrapper.jar
Launcher Type: SUN_STANDARD

Environment Variables:
JAVA_HOME=C:\Program Files\Java\jdk1.8.0_251
PATH=C:\ProgramData\Oracle\Java\javapath;C:\WINDOWS\system32;C:\WINDOWS;C:\WINDOWS\System32\Wbem;C:\WINDOWS\System32\WindowsPowerShell\v1.0\;C:\WINDOWS\System32\OpenSSH\;C:\Program Files\Git\cmd;C:\Users\igorc\AppData\Local\Microsoft\WindowsApps;;C:\Users\igorc\AppData\Local\Programs\Microsoft VS Code\bin
USERNAME=Igor Cavalcanti
OS=Windows_NT
PROCESSOR_IDENTIFIER=Intel64 Family 6 Model 42 Stepping 7, GenuineIntel



---------------  S Y S T E M  ---------------

OS: Windows 10.0 , 64 bit Build 19041 (10.0.19041.292)

CPU:total 4 (initial active 4) (2 cores per cpu, 2 threads per core) family 6 model 42 stepping 7, cmov, cx8, fxsr, mmx, sse, sse2, sse3, ssse3, sse4.1, sse4.2, popcnt, avx, clmul, ht, tsc, tscinvbit

Memory: 4k page, physical 4003940k(202600k free), swap 6847616k(5592k free)

vm_info: Java HotSpot(TM) 64-Bit Server VM (25.251-b08) for windows-amd64 JRE (1.8.0_251-b08), built on Mar 12 2020 06:31:49 by "" with MS VC++ 10.0 (VS2010)

time: Sat Jul 18 14:07:44 2020
timezone: Hora Padrão de Buenos Aires
elapsed time: 8 seconds (0d 0h 0m 8s)

